<?xml version="1.0" encoding="UTF-8"?>
<testsuite name="io.turntabl.springboot.ApplicationTests" tests="1" skipped="0" failures="0" errors="0" timestamp="2019-11-20T17:37:57" hostname="ip-172-31-19-39" time="0.258">
  <properties/>
  <testcase name="contextLoads()" classname="io.turntabl.springboot.ApplicationTests" time="0.258"/>
  <system-out><![CDATA[17:37:54.576 [Test worker] DEBUG org.springframework.test.context.BootstrapUtils - Instantiating CacheAwareContextLoaderDelegate from class [org.springframework.test.context.cache.DefaultCacheAwareContextLoaderDelegate]
17:37:54.593 [Test worker] DEBUG org.springframework.test.context.BootstrapUtils - Instantiating BootstrapContext using constructor [public org.springframework.test.context.support.DefaultBootstrapContext(java.lang.Class,org.springframework.test.context.CacheAwareContextLoaderDelegate)]
17:37:54.623 [Test worker] DEBUG org.springframework.test.context.BootstrapUtils - Instantiating TestContextBootstrapper for test class [io.turntabl.springboot.ApplicationTests] from class [org.springframework.boot.test.context.SpringBootTestContextBootstrapper]
17:37:54.639 [Test worker] INFO org.springframework.boot.test.context.SpringBootTestContextBootstrapper - Neither @ContextConfiguration nor @ContextHierarchy found for test class [io.turntabl.springboot.ApplicationTests], using SpringBootContextLoader
17:37:54.644 [Test worker] DEBUG org.springframework.test.context.support.AbstractContextLoader - Did not detect default resource location for test class [io.turntabl.springboot.ApplicationTests]: class path resource [io/turntabl/springboot/ApplicationTests-context.xml] does not exist
17:37:54.644 [Test worker] DEBUG org.springframework.test.context.support.AbstractContextLoader - Did not detect default resource location for test class [io.turntabl.springboot.ApplicationTests]: class path resource [io/turntabl/springboot/ApplicationTestsContext.groovy] does not exist
17:37:54.645 [Test worker] INFO org.springframework.test.context.support.AbstractContextLoader - Could not detect default resource locations for test class [io.turntabl.springboot.ApplicationTests]: no resource found for suffixes {-context.xml, Context.groovy}.
17:37:54.645 [Test worker] INFO org.springframework.test.context.support.AnnotationConfigContextLoaderUtils - Could not detect default configuration classes for test class [io.turntabl.springboot.ApplicationTests]: ApplicationTests does not declare any static, non-private, non-final, nested classes annotated with @Configuration.
17:37:54.684 [Test worker] DEBUG org.springframework.test.context.support.ActiveProfilesUtils - Could not find an 'annotation declaring class' for annotation type [org.springframework.test.context.ActiveProfiles] and class [io.turntabl.springboot.ApplicationTests]
17:37:54.757 [Test worker] DEBUG org.springframework.context.annotation.ClassPathScanningCandidateComponentProvider - Identified candidate component class: file [/home/franklin-luther/JDBC/spring-boot-fundermentals/spring-boot/build/classes/java/main/io/turntabl/springboot/Application.class]
17:37:54.775 [Test worker] INFO org.springframework.boot.test.context.SpringBootTestContextBootstrapper - Found @SpringBootConfiguration io.turntabl.springboot.Application for test class io.turntabl.springboot.ApplicationTests
17:37:54.857 [Test worker] DEBUG org.springframework.boot.test.context.SpringBootTestContextBootstrapper - @TestExecutionListeners is not present for class [io.turntabl.springboot.ApplicationTests]: using defaults.
17:37:54.858 [Test worker] INFO org.springframework.boot.test.context.SpringBootTestContextBootstrapper - Loaded default TestExecutionListener class names from location [META-INF/spring.factories]: [org.springframework.boot.test.autoconfigure.restdocs.RestDocsTestExecutionListener, org.springframework.boot.test.autoconfigure.web.client.MockRestServiceServerResetTestExecutionListener, org.springframework.boot.test.autoconfigure.web.servlet.MockMvcPrintOnlyOnFailureTestExecutionListener, org.springframework.boot.test.autoconfigure.web.servlet.WebDriverTestExecutionListener, org.springframework.boot.test.mock.mockito.MockitoTestExecutionListener, org.springframework.boot.test.mock.mockito.ResetMocksTestExecutionListener, org.springframework.test.context.web.ServletTestExecutionListener, org.springframework.test.context.support.DirtiesContextBeforeModesTestExecutionListener, org.springframework.test.context.support.DependencyInjectionTestExecutionListener, org.springframework.test.context.support.DirtiesContextTestExecutionListener, org.springframework.test.context.transaction.TransactionalTestExecutionListener, org.springframework.test.context.jdbc.SqlScriptsTestExecutionListener, org.springframework.test.context.event.EventPublishingTestExecutionListener]
17:37:54.868 [Test worker] DEBUG org.springframework.boot.test.context.SpringBootTestContextBootstrapper - Skipping candidate TestExecutionListener [org.springframework.test.context.transaction.TransactionalTestExecutionListener] due to a missing dependency. Specify custom listener classes or make the default listener classes and their required dependencies available. Offending class: [org/springframework/transaction/interceptor/TransactionAttributeSource]
17:37:54.869 [Test worker] DEBUG org.springframework.boot.test.context.SpringBootTestContextBootstrapper - Skipping candidate TestExecutionListener [org.springframework.test.context.jdbc.SqlScriptsTestExecutionListener] due to a missing dependency. Specify custom listener classes or make the default listener classes and their required dependencies available. Offending class: [org/springframework/transaction/interceptor/TransactionAttribute]
17:37:54.869 [Test worker] INFO org.springframework.boot.test.context.SpringBootTestContextBootstrapper - Using TestExecutionListeners: [org.springframework.test.context.web.ServletTestExecutionListener@6e8aaf92, org.springframework.test.context.support.DirtiesContextBeforeModesTestExecutionListener@6c1e59f6, org.springframework.boot.test.mock.mockito.MockitoTestExecutionListener@146dc740, org.springframework.boot.test.autoconfigure.SpringBootDependencyInjectionTestExecutionListener@4c06795b, org.springframework.test.context.support.DirtiesContextTestExecutionListener@77cbb976, org.springframework.test.context.event.EventPublishingTestExecutionListener@69848f90, org.springframework.boot.test.autoconfigure.restdocs.RestDocsTestExecutionListener@13290227, org.springframework.boot.test.autoconfigure.web.client.MockRestServiceServerResetTestExecutionListener@6c9a6db8, org.springframework.boot.test.autoconfigure.web.servlet.MockMvcPrintOnlyOnFailureTestExecutionListener@46b06954, org.springframework.boot.test.autoconfigure.web.servlet.WebDriverTestExecutionListener@b85961d, org.springframework.boot.test.mock.mockito.ResetMocksTestExecutionListener@50e68570]
17:37:54.872 [Test worker] DEBUG org.springframework.test.context.support.AbstractDirtiesContextTestExecutionListener - Before test class: context [DefaultTestContext@337c1cc4 testClass = ApplicationTests, testInstance = [null], testMethod = [null], testException = [null], mergedContextConfiguration = [WebMergedContextConfiguration@541a1880 testClass = ApplicationTests, locations = '{}', classes = '{class io.turntabl.springboot.Application}', contextInitializerClasses = '[]', activeProfiles = '{}', propertySourceLocations = '{}', propertySourceProperties = '{org.springframework.boot.test.context.SpringBootTestContextBootstrapper=true}', contextCustomizers = set[org.springframework.boot.test.autoconfigure.properties.PropertyMappingContextCustomizer@0, org.springframework.boot.test.autoconfigure.web.servlet.WebDriverContextCustomizerFactory$Customizer@14871fe2, org.springframework.boot.test.context.filter.ExcludeFilterContextCustomizer@7f77bad7, org.springframework.boot.test.json.DuplicateJsonObjectContextCustomizerFactory$DuplicateJsonObjectContextCustomizer@2ed5b59c, org.springframework.boot.test.mock.mockito.MockitoContextCustomizer@0, org.springframework.boot.test.web.client.TestRestTemplateContextCustomizer@373b2338], resourceBasePath = 'src/main/webapp', contextLoader = 'org.springframework.boot.test.context.SpringBootContextLoader', parent = [null]], attributes = map['org.springframework.test.context.web.ServletTestExecutionListener.activateListener' -> true]], class annotated with @DirtiesContext [false] with mode [null].
17:37:54.893 [Test worker] DEBUG org.springframework.test.context.support.TestPropertySourceUtils - Adding inlined properties to environment: {spring.jmx.enabled=false, org.springframework.boot.test.context.SpringBootTestContextBootstrapper=true, server.port=-1}

  .   ____          _            __ _ _
 /\\ / ___'_ __ _ _(_)_ __  __ _ \ \ \ \
( ( )\___ | '_ | '_| | '_ \/ _` | \ \ \ \
 \\/  ___)| |_)| | | | | || (_| |  ) ) ) )
  '  |____| .__|_| |_|_| |_\__, | / / / /
 =========|_|==============|___/=/_/_/_/
 :: Spring Boot ::        (v2.2.1.RELEASE)

2019-11-20 17:37:55.219  INFO 23714 --- [    Test worker] io.turntabl.springboot.ApplicationTests  : Starting ApplicationTests on ip-172-31-19-39 with PID 23714 (started by franklin-luther in /home/franklin-luther/JDBC/spring-boot-fundermentals/spring-boot)
2019-11-20 17:37:55.221  INFO 23714 --- [    Test worker] io.turntabl.springboot.ApplicationTests  : No active profile set, falling back to default profiles: default
2019-11-20 17:37:56.775  INFO 23714 --- [    Test worker] pertySourcedRequestMappingHandlerMapping : Mapped URL path [/v2/api-docs] onto method [springfox.documentation.swagger2.web.Swagger2Controller#getDocumentation(String, HttpServletRequest)]
2019-11-20 17:37:57.076  INFO 23714 --- [    Test worker] o.s.s.concurrent.ThreadPoolTaskExecutor  : Initializing ExecutorService 'applicationTaskExecutor'
2019-11-20 17:37:57.274  INFO 23714 --- [    Test worker] d.s.w.p.DocumentationPluginsBootstrapper : Context refreshed
2019-11-20 17:37:57.298  INFO 23714 --- [    Test worker] d.s.w.p.DocumentationPluginsBootstrapper : Found 1 custom documentation plugin(s)
2019-11-20 17:37:57.325  INFO 23714 --- [    Test worker] s.d.s.w.s.ApiListingReferenceScanner     : Scanning for api listing references
2019-11-20 17:37:57.549  INFO 23714 --- [    Test worker] io.turntabl.springboot.ApplicationTests  : Started ApplicationTests in 2.647 seconds (JVM running for 3.777)
]]></system-out>
  <system-err><![CDATA[]]></system-err>
</testsuite>
